<?xml version="1.0" encoding="UTF-8"?>
<!-- Generated by org.testng.reporters.JUnitXMLReporter -->
<testsuite hostname="NDTSB01" ignored="0" name="Test" tests="8" failures="4" timestamp="08 Sep 2017 11:17:57 GMT" time="33.261" errors="0">
  <testcase name="testCase_2" time="0.007" classname="TestCases.TestCase01">
    <failure type="java.lang.ArithmeticException" message="/ by zero">
      <![CDATA[java.lang.ArithmeticException: / by zero
	at TestCases.TestCase01.testCase_2(TestCase01.java:92)
... Removed 25 stack frames]]>
    </failure>
  </testcase> <!-- testCase_2 -->
  <testcase name="testCase_3" time="0.003" classname="TestCases.TestCase01"/>
  <testcase name="testCase_4" time="0.001" classname="TestCases.TestCase01"/>
  <testcase name="Test_case_8" time="4.967" classname="TestCases.TestCase3">
    <failure type="java.lang.AssertionError" message="expected [Thank you for your registration] but found [Error: Username already exists]">
      <![CDATA[java.lang.AssertionError: expected [Thank you for your registration] but found [Error: Username already exists]
	at TestCases.TestCase3.Test_case_8(TestCase3.java:74)
... Removed 31 stack frames]]>
    </failure>
  </testcase> <!-- Test_case_8 -->
  <testcase name="testCase_5" time="0.002" classname="TestCases.TestCase3">
    <failure type="java.lang.ArithmeticException" message="/ by zero">
      <![CDATA[java.lang.ArithmeticException: / by zero
	at TestCases.TestCase3.testCase_5(TestCase3.java:82)
... Removed 25 stack frames]]>
    </failure>
  </testcase> <!-- testCase_5 -->
  <testcase name="testCase_6" time="0.001" classname="TestCases.TestCase3"/>
  <testcase name="testCase_7" time="0.001" classname="TestCases.TestCase3"/>
  <testcase name="Test_case_1" time="3.659" classname="TestCases.TestCase01">
    <failure type="java.lang.AssertionError" message="expected [Thank you for your registration] but found [Error: Username already exists]">
      <![CDATA[java.lang.AssertionError: expected [Thank you for your registration] but found [Error: Username already exists]
	at TestCases.TestCase01.Test_case_1(TestCase01.java:84)
... Removed 31 stack frames]]>
    </failure>
  </testcase> <!-- Test_case_1 -->
</testsuite> <!-- Test -->
